
**** Build of configuration Debug for project Lab2 ****

/Applications/ti/ccsv6/utils/bin/gmake -k all 
Building file: ../tm4c123gh6pm_startup_ccs.c
Invoking: ARM Compiler
"/Applications/ti/ccsv6/tools/compiler/ti-cgt-arm_5.2.6/bin/armcl" -mv7M4 --code_state=16 --float_support=FPv4SPD16 --abi=eabi -me --include_path="/Applications/ti/ccsv6/tools/compiler/ti-cgt-arm_5.2.6/include" -g --c99 --gcc --define=ccs="ccs" --define=PART_TM4C123GH6PM --display_error_number --diag_warning=225 --diag_wrap=off --preproc_with_compile --preproc_dependency="tm4c123gh6pm_startup_ccs.pp"  "../tm4c123gh6pm_startup_ccs.c"
Finished building: ../tm4c123gh6pm_startup_ccs.c
 
Building file: ../src/ADCSWTrigger.c
Invoking: ARM Compiler
"/Applications/ti/ccsv6/tools/compiler/ti-cgt-arm_5.2.6/bin/armcl" -mv7M4 --code_state=16 --float_support=FPv4SPD16 --abi=eabi -me --include_path="/Applications/ti/ccsv6/tools/compiler/ti-cgt-arm_5.2.6/include" -g --c99 --gcc --define=ccs="ccs" --define=PART_TM4C123GH6PM --display_error_number --diag_warning=225 --diag_wrap=off --preproc_with_compile --preproc_dependency="src/ADCSWTrigger.pp" --obj_directory="src"  "../src/ADCSWTrigger.c"
Finished building: ../src/ADCSWTrigger.c
 
Building file: ../src/ADCTestMain.c
Invoking: ARM Compiler
"/Applications/ti/ccsv6/tools/compiler/ti-cgt-arm_5.2.6/bin/armcl" -mv7M4 --code_state=16 --float_support=FPv4SPD16 --abi=eabi -me --include_path="/Applications/ti/ccsv6/tools/compiler/ti-cgt-arm_5.2.6/include" -g --c99 --gcc --define=ccs="ccs" --define=PART_TM4C123GH6PM --display_error_number --diag_warning=225 --diag_wrap=off --preproc_with_compile --preproc_dependency="src/ADCTestMain.pp" --obj_directory="src"  "../src/ADCTestMain.c"
Finished building: ../src/ADCTestMain.c
 
Building file: ../src/PLL.c
Invoking: ARM Compiler
"/Applications/ti/ccsv6/tools/compiler/ti-cgt-arm_5.2.6/bin/armcl" -mv7M4 --code_state=16 --float_support=FPv4SPD16 --abi=eabi -me --include_path="/Applications/ti/ccsv6/tools/compiler/ti-cgt-arm_5.2.6/include" -g --c99 --gcc --define=ccs="ccs" --define=PART_TM4C123GH6PM --display_error_number --diag_warning=225 --diag_wrap=off --preproc_with_compile --preproc_dependency="src/PLL.pp" --obj_directory="src"  "../src/PLL.c"
Finished building: ../src/PLL.c
 
Building target: Lab2.out
Invoking: ARM Linker
"/Applications/ti/ccsv6/tools/compiler/ti-cgt-arm_5.2.6/bin/armcl" -mv7M4 --code_state=16 --float_support=FPv4SPD16 --abi=eabi -me -g --c99 --gcc --define=ccs="ccs" --define=PART_TM4C123GH6PM --display_error_number --diag_warning=225 --diag_wrap=off -z -m"Lab2.map" --heap_size=0 --stack_size=512 -i"/Applications/ti/ccsv6/tools/compiler/ti-cgt-arm_5.2.6/lib" -i"/Applications/ti/ccsv6/tools/compiler/ti-cgt-arm_5.2.6/include" --reread_libs --warn_sections --display_error_number --diag_wrap=off --xml_link_info="Lab2_linkInfo.xml" --rom_model -o "Lab2.out" "./tm4c123gh6pm_startup_ccs.obj" "./src/ADCSWTrigger.obj" "./src/ADCTestMain.obj" "./src/PLL.obj" "../tm4c123gh6pm.cmd"  -l"libc.a" 
<Linking>
Finished building target: Lab2.out
 

**** Build Finished ****

**** Build of configuration Debug for project Lab2 ****

/Applications/ti/ccsv6/utils/bin/gmake -k all 
gmake: Nothing to be done for 'all'.

**** Build Finished ****

**** Clean-only build of configuration Debug for project Lab1 ****

/Applications/ti/ccsv6/utils/bin/gmake -k clean 
rm -rf  "Lab1.hex"  "Lab1.out" 
rm -rf "tm4c123gh6pm_startup_ccs.obj" "src/PLL.obj" "src/ST7735.obj" "src/fixed.obj" "src/main.obj" 
rm -rf "tm4c123gh6pm_startup_ccs.pp" "src/PLL.pp" "src/ST7735.pp" "src/fixed.pp" "src/main.pp" 
Finished clean
 

**** Build Finished ****

**** Build of configuration Debug for project Lab1 ****

/Applications/ti/ccsv6/utils/bin/gmake -k all 
Building file: ../tm4c123gh6pm_startup_ccs.c
Invoking: ARM Compiler
"/Applications/ti/ccsv6/tools/compiler/ti-cgt-arm_5.2.6/bin/armcl" -mv7M4 --code_state=16 --float_support=FPv4SPD16 --abi=eabi -me --include_path="/Applications/ti/ccsv6/tools/compiler/ti-cgt-arm_5.2.6/include" -g --c99 --gcc --define=ccs="ccs" --define=PART_TM4C123GH6PM --display_error_number --diag_warning=225 --diag_wrap=off --preproc_with_compile --preproc_dependency="tm4c123gh6pm_startup_ccs.pp"  "../tm4c123gh6pm_startup_ccs.c"
Finished building: ../tm4c123gh6pm_startup_ccs.c
 
Building file: ../src/PLL.c
Invoking: ARM Compiler
"/Applications/ti/ccsv6/tools/compiler/ti-cgt-arm_5.2.6/bin/armcl" -mv7M4 --code_state=16 --float_support=FPv4SPD16 --abi=eabi -me --include_path="/Applications/ti/ccsv6/tools/compiler/ti-cgt-arm_5.2.6/include" -g --c99 --gcc --define=ccs="ccs" --define=PART_TM4C123GH6PM --display_error_number --diag_warning=225 --diag_wrap=off --preproc_with_compile --preproc_dependency="src/PLL.pp" --obj_directory="src"  "../src/PLL.c"
Finished building: ../src/PLL.c
 
Building file: ../src/ST7735.c
Invoking: ARM Compiler
"/Applications/ti/ccsv6/tools/compiler/ti-cgt-arm_5.2.6/bin/armcl" -mv7M4 --code_state=16 --float_support=FPv4SPD16 --abi=eabi -me --include_path="/Applications/ti/ccsv6/tools/compiler/ti-cgt-arm_5.2.6/include" -g --c99 --gcc --define=ccs="ccs" --define=PART_TM4C123GH6PM --display_error_number --diag_warning=225 --diag_wrap=off --preproc_with_compile --preproc_dependency="src/ST7735.pp" --obj_directory="src"  "../src/ST7735.c"
Finished building: ../src/ST7735.c
 
Building file: ../src/fixed.c
Invoking: ARM Compiler
"/Applications/ti/ccsv6/tools/compiler/ti-cgt-arm_5.2.6/bin/armcl" -mv7M4 --code_state=16 --float_support=FPv4SPD16 --abi=eabi -me --include_path="/Applications/ti/ccsv6/tools/compiler/ti-cgt-arm_5.2.6/include" -g --c99 --gcc --define=ccs="ccs" --define=PART_TM4C123GH6PM --display_error_number --diag_warning=225 --diag_wrap=off --preproc_with_compile --preproc_dependency="src/fixed.pp" --obj_directory="src"  "../src/fixed.c"
Finished building: ../src/fixed.c
 
Building file: ../src/main.c
Invoking: ARM Compiler
"/Applications/ti/ccsv6/tools/compiler/ti-cgt-arm_5.2.6/bin/armcl" -mv7M4 --code_state=16 --float_support=FPv4SPD16 --abi=eabi -me --include_path="/Applications/ti/ccsv6/tools/compiler/ti-cgt-arm_5.2.6/include" -g --c99 --gcc --define=ccs="ccs" --define=PART_TM4C123GH6PM --display_error_number --diag_warning=225 --diag_wrap=off --preproc_with_compile --preproc_dependency="src/main.pp" --obj_directory="src"  "../src/main.c"
Finished building: ../src/main.c
 
Building target: Lab1.out
Invoking: ARM Linker
"/Applications/ti/ccsv6/tools/compiler/ti-cgt-arm_5.2.6/bin/armcl" -mv7M4 --code_state=16 --float_support=FPv4SPD16 --abi=eabi -me -g --c99 --gcc --define=ccs="ccs" --define=PART_TM4C123GH6PM --display_error_number --diag_warning=225 --diag_wrap=off -z -m"Lab1.map" --heap_size=0 --stack_size=512 -i"/Applications/ti/ccsv6/tools/compiler/ti-cgt-arm_5.2.6/lib" -i"/Applications/ti/ccsv6/tools/compiler/ti-cgt-arm_5.2.6/include" --reread_libs --warn_sections --display_error_number --diag_wrap=off --xml_link_info="Lab1_linkInfo.xml" --rom_model -o "Lab1.out" "./tm4c123gh6pm_startup_ccs.obj" "./src/PLL.obj" "./src/ST7735.obj" "./src/fixed.obj" "./src/main.obj" "../tm4c123gh6pm.cmd"  -l"libc.a" 
<Linking>
Finished building target: Lab1.out
 

**** Build Finished ****

**** Build of configuration Debug for project Lab2 ****

/Applications/ti/ccsv6/utils/bin/gmake -k all 
gmake: Nothing to be done for 'all'.

**** Build Finished ****

**** Build of configuration Debug for project Lab3 ****

/Applications/ti/ccsv6/utils/bin/gmake -k all 
Building file: ../main.c
Invoking: ARM Compiler
"/Applications/ti/ccsv6/tools/compiler/ti-cgt-arm_5.2.6/bin/armcl" -mv4 --code_state=32 --abi=ti_arm9_abi --include_path="/Applications/ti/ccsv6/tools/compiler/ti-cgt-arm_5.2.6/include" -g --display_error_number --diag_warning=225 --diag_wrap=off --preproc_with_compile --preproc_dependency="main.pp"  "../main.c"
Finished building: ../main.c
 
Building target: Lab3.out
Invoking: ARM Linker
"/Applications/ti/ccsv6/tools/compiler/ti-cgt-arm_5.2.6/bin/armcl" -mv4 --code_state=32 --abi=ti_arm9_abi -g --display_error_number --diag_warning=225 --diag_wrap=off -z -m"Lab3.map" -i"/Applications/ti/ccsv6/tools/compiler/ti-cgt-arm_5.2.6/lib" -i"/Applications/ti/ccsv6/tools/compiler/ti-cgt-arm_5.2.6/include" --reread_libs --warn_sections --display_error_number --diag_wrap=off --xml_link_info="Lab3_linkInfo.xml" --rom_model -o "Lab3.out" "./main.obj"  -l"libc.a" 
<Linking>
warning #10366-D: automatic library build: using library "/Applications/ti/ccsv6/tools/compiler/ti-cgt-arm_5.2.6/lib/rtsv4_A_be_tiarm9.lib" for the first time, so it must be built.  This may take a few minutes.
warning #10247-D: creating output section ".text" without a SECTIONS specification
warning #10247-D: creating output section ".bss" without a SECTIONS specification
warning #10247-D: creating output section ".cinit" without a SECTIONS specification
warning #10210-D: creating ".stack" section with default size of 0x800; use the -stack option to change the default size
Finished building target: Lab3.out
 

**** Build Finished ****

**** Build of configuration Debug for project Lab3 ****

/Applications/ti/ccsv6/utils/bin/gmake -k all 
Building file: ../main.c
Invoking: ARM Compiler
"/Applications/ti/ccsv6/tools/compiler/ti-cgt-arm_5.2.6/bin/armcl" -mv4 --code_state=32 --abi=ti_arm9_abi --include_path="/Applications/ti/ccsv6/tools/compiler/ti-cgt-arm_5.2.6/include" -g --display_error_number --diag_warning=225 --diag_wrap=off --preproc_with_compile --preproc_dependency="main.pp"  "../main.c"
"../main.c", line 13: error #20: identifier "uint32_t" is undefined

>> Compilation failure
"../main.c", line 14: error #20: identifier "uint32_t" is undefined
"../main.c", line 15: error #20: identifier "uint32_t" is undefined
"../main.c", line 16: error #20: identifier "uint32_t" is undefined
"../main.c", line 17: error #20: identifier "uint32_t" is undefined
"../main.c", line 18: error #20: identifier "uint32_t" is undefined
"../main.c", line 25: error #20: identifier "timeHour" is undefined
"../main.c", line 32: warning #128-D: expected a statement
"../main.c", line 42: error #20: identifier "alarmHour" is undefined
subdir_rules.mk:7: recipe for target 'main.obj' failed
"../main.c", line 45: error #20: identifier "alarmMinute" is undefined
"../main.c", line 49: warning #128-D: expected a statement
"../main.c", line 54: error #148: declaration is incompatible with "<error-type> alarmToggle" (declared at line 18)
"../main.c", line 59: warning #238-D: controlling expression is constant
"../main.c", line 59: error #138: expression must be a modifiable lvalue
"../main.c", line 66: error #20: identifier "uint32_t" is undefined
"../main.c", line 79: warning #225-D: function "toggleAlarm" declared implicitly
"../main.c", line 82: warning #128-D: expected a statement
"../main.c", line 87: error #20: identifier "uint32_t" is undefined
"../main.c", line 105: warning #128-D: expected a statement
13 errors detected in the compilation of "../main.c".
gmake: *** [main.obj] Error 1
gmake: Target 'all' not remade because of errors.

**** Build Finished ****

**** Build of configuration Debug for project Lab3 ****

/Applications/ti/ccsv6/utils/bin/gmake -k all 
Building file: ../main.c
Invoking: ARM Compiler
"/Applications/ti/ccsv6/tools/compiler/ti-cgt-arm_5.2.6/bin/armcl" -mv4 --code_state=32 --abi=ti_arm9_abi --include_path="/Applications/ti/ccsv6/tools/compiler/ti-cgt-arm_5.2.6/include" -g --display_error_number --diag_warning=225 --diag_wrap=off --preproc_with_compile --preproc_dependency="main.pp"  "../main.c"
"../main.c", line 17: warning #69-D: integer conversion resulted in a change of sign
"../main.c", line 29: error #20: identifier "timeHour" is undefined
"../main.c", line 36: warning #128-D: expected a statement
"../main.c", line 37: warning #69-D: integer conversion resulted in a change of sign
"../main.c", line 46: error #20: identifier "alarmHour" is undefined
"../main.c", line 49: error #20: identifier "alarmMinute" is undefined

>> Compilation failure
"../main.c", line 53: warning #128-D: expected a statement
"../main.c", line 54: warning #69-D: integer conversion resulted in a change of sign
"../main.c", line 58: error #148: declaration is incompatible with "uint32_t alarmToggle" (declared at line 22)
subdir_rules.mk:7: recipe for target 'main.obj' failed
"../main.c", line 63: warning #238-D: controlling expression is constant
"../main.c", line 63: error #138: expression must be a modifiable lvalue
"../main.c", line 66: warning #69-D: integer conversion resulted in a change of sign
"../main.c", line 83: warning #225-D: function "toggleAlarm" declared implicitly
"../main.c", line 86: warning #128-D: expected a statement
"../main.c", line 87: warning #69-D: integer conversion resulted in a change of sign
"../main.c", line 109: warning #128-D: expected a statement
"../main.c", line 110: warning #69-D: integer conversion resulted in a change of sign
5 errors detected in the compilation of "../main.c".
gmake: *** [main.obj] Error 1
gmake: Target 'all' not remade because of errors.

**** Build Finished ****

**** Build of configuration Debug for project Lab3 ****

/Applications/ti/ccsv6/utils/bin/gmake -k all 
Building file: ../main.c
Invoking: ARM Compiler
"/Applications/ti/ccsv6/tools/compiler/ti-cgt-arm_5.2.6/bin/armcl" -mv4 --code_state=32 --abi=ti_arm9_abi --include_path="/Applications/ti/ccsv6/tools/compiler/ti-cgt-arm_5.2.6/include" -g --display_error_number --diag_warning=225 --diag_wrap=off --preproc_with_compile --preproc_dependency="main.pp"  "../main.c"
"../main.c", line 17: warning #69-D: integer conversion resulted in a change of sign
"../main.c", line 36: warning #128-D: expected a statement
"../main.c", line 37: warning #69-D: integer conversion resulted in a change of sign
"../main.c", line 46: error #20: identifier "alarmHour" is undefined
"../main.c", line 49: error #20: identifier "alarmMinute" is undefined
"../main.c", line 53: warning #128-D: expected a statement
"../main.c", line 54: warning #69-D: integer conversion resulted in a change of sign
"../main.c", line 58: error #148: declaration is incompatible with "uint32_t alarmToggle" (declared at line 22)
"../main.c", line 63: warning #238-D: controlling expression is constant
"../main.c", line 63: error #138: expression must be a modifiable lvalue
"../main.c", line 66: warning #69-D: integer conversion resulted in a change of sign
"../main.c", line 83: warning #225-D: function "toggleAlarm" declared implicitly
"../main.c", line 86: warning #128-D: expected a statement
"../main.c", line 87: warning #69-D: integer conversion resulted in a change of sign
"../main.c", line 109: warning #128-D: expected a statement
"../main.c", line 110: warning #69-D: integer conversion resulted in a change of sign
4 errors detected in the compilation of "../main.c".

>> Compilation failure
gmake: *** [main.obj] Error 1
gmake: Target 'all' not remade because of errors.
subdir_rules.mk:7: recipe for target 'main.obj' failed

**** Build Finished ****

**** Build of configuration Debug for project Lab3 ****

/Applications/ti/ccsv6/utils/bin/gmake -k all 
Building file: ../main.c
Invoking: ARM Compiler
"/Applications/ti/ccsv6/tools/compiler/ti-cgt-arm_5.2.6/bin/armcl" -mv4 --code_state=32 --abi=ti_arm9_abi --include_path="/Applications/ti/ccsv6/tools/compiler/ti-cgt-arm_5.2.6/include" -g --display_error_number --diag_warning=225 --diag_wrap=off --preproc_with_compile --preproc_dependency="main.pp"  "../main.c"
"../main.c", line 17: warning #69-D: integer conversion resulted in a change of sign
"../main.c", line 36: warning #128-D: expected a statement
"../main.c", line 37: warning #69-D: integer conversion resulted in a change of sign

>> Compilation failure
"../main.c", line 53: warning #128-D: expected a statement
"../main.c", line 54: warning #69-D: integer conversion resulted in a change of sign
subdir_rules.mk:7: recipe for target 'main.obj' failed
"../main.c", line 58: error #148: declaration is incompatible with "uint32_t alarmToggle" (declared at line 22)
"../main.c", line 63: warning #238-D: controlling expression is constant
"../main.c", line 63: error #138: expression must be a modifiable lvalue
"../main.c", line 66: warning #69-D: integer conversion resulted in a change of sign
"../main.c", line 83: warning #225-D: function "toggleAlarm" declared implicitly
"../main.c", line 86: warning #128-D: expected a statement
"../main.c", line 87: warning #69-D: integer conversion resulted in a change of sign
"../main.c", line 109: warning #128-D: expected a statement
"../main.c", line 110: warning #69-D: integer conversion resulted in a change of sign
2 errors detected in the compilation of "../main.c".
gmake: *** [main.obj] Error 1
gmake: Target 'all' not remade because of errors.

**** Build Finished ****

**** Build of configuration Debug for project Lab3 ****

/Applications/ti/ccsv6/utils/bin/gmake -k all 
Building file: ../main.c
Invoking: ARM Compiler
"/Applications/ti/ccsv6/tools/compiler/ti-cgt-arm_5.2.6/bin/armcl" -mv4 --code_state=32 --abi=ti_arm9_abi --include_path="/Applications/ti/ccsv6/tools/compiler/ti-cgt-arm_5.2.6/include" -g --display_error_number --diag_warning=225 --diag_wrap=off --preproc_with_compile --preproc_dependency="main.pp"  "../main.c"
"../main.c", line 17: warning #69-D: integer conversion resulted in a change of sign
"../main.c", line 36: warning #128-D: expected a statement
"../main.c", line 37: warning #69-D: integer conversion resulted in a change of sign
"../main.c", line 53: warning #128-D: expected a statement
"../main.c", line 54: warning #69-D: integer conversion resulted in a change of sign
"../main.c", line 66: warning #69-D: integer conversion resulted in a change of sign
"../main.c", line 83: warning #225-D: function "toggleAlarm" declared implicitly
"../main.c", line 86: warning #128-D: expected a statement
"../main.c", line 87: warning #69-D: integer conversion resulted in a change of sign
"../main.c", line 109: warning #128-D: expected a statement
"../main.c", line 110: warning #69-D: integer conversion resulted in a change of sign
Finished building: ../main.c
 
Building target: Lab3.out
Invoking: ARM Linker
"/Applications/ti/ccsv6/tools/compiler/ti-cgt-arm_5.2.6/bin/armcl" -mv4 --code_state=32 --abi=ti_arm9_abi -g --display_error_number --diag_warning=225 --diag_wrap=off -z -m"Lab3.map" -i"/Applications/ti/ccsv6/tools/compiler/ti-cgt-arm_5.2.6/lib" -i"/Applications/ti/ccsv6/tools/compiler/ti-cgt-arm_5.2.6/include" --reread_libs --warn_sections --display_error_number --diag_wrap=off --xml_link_info="Lab3_linkInfo.xml" --rom_model -o "Lab3.out" "./main.obj"  -l"libc.a" 
<Linking>
warning #10247-D: creating output section ".text" without a SECTIONS specification
warning #10247-D: creating output section ".bss" without a SECTIONS specification
warning #10247-D: creating output section ".cinit" without a SECTIONS specification
warning #10210-D: creating ".stack" section with default size of 0x800; use the -stack option to change the default size

 undefined    first referenced
  symbol          in file     
 ---------    ----------------
 _toggleAlarm ./main.obj      

error #10234-D: unresolved symbols remain
error #10010: errors encountered during linking; "Lab3.out" not built

>> Compilation failure
gmake: *** [Lab3.out] Error 1
makefile:134: recipe for target 'Lab3.out' failed
gmake: Target 'all' not remade because of errors.

**** Build Finished ****

**** Build of configuration Debug for project Lab1 ****

/Applications/ti/ccsv6/utils/bin/gmake -k all 
gmake: Nothing to be done for 'all'.

**** Build Finished ****

**** Build of configuration Debug for project Lab2 ****

/Applications/ti/ccsv6/utils/bin/gmake -k all 
gmake: Nothing to be done for 'all'.

**** Build Finished ****

**** Build of configuration Debug for project Lab3 ****

/Applications/ti/ccsv6/utils/bin/gmake -k all 
Building target: Lab3.out
Invoking: ARM Linker
"/Applications/ti/ccsv6/tools/compiler/ti-cgt-arm_5.2.6/bin/armcl" -mv4 --code_state=32 --abi=ti_arm9_abi -g --display_error_number --diag_warning=225 --diag_wrap=off -z -m"Lab3.map" -i"/Applications/ti/ccsv6/tools/compiler/ti-cgt-arm_5.2.6/lib" -i"/Applications/ti/ccsv6/tools/compiler/ti-cgt-arm_5.2.6/include" --reread_libs --warn_sections --display_error_number --diag_wrap=off --xml_link_info="Lab3_linkInfo.xml" --rom_model -o "Lab3.out" "./main.obj"  -l"libc.a" 
<Linking>
warning #10247-D: creating output section ".text" without a SECTIONS specification
warning #10247-D: creating output section ".bss" without a SECTIONS specification
warning #10247-D: creating output section ".cinit" without a SECTIONS specification
warning #10210-D: creating ".stack" section with default size of 0x800; use the -stack option to change the default size

 undefined    first referenced
  symbol          in file     
 ---------    ----------------
 _toggleAlarm ./main.obj      

error #10234-D: unresolved symbols remain
error #10010: errors encountered during linking; "Lab3.out" not built

>> Compilation failure
gmake: *** [Lab3.out] Error 1
makefile:134: recipe for target 'Lab3.out' failed
gmake: Target 'all' not remade because of errors.

**** Build Finished ****

**** Build of configuration Debug for project Lab3 ****

/Applications/ti/ccsv6/utils/bin/gmake -k all 
Building file: ../main.c
Invoking: ARM Compiler
"/Applications/ti/ccsv6/tools/compiler/ti-cgt-arm_5.2.6/bin/armcl" -mv4 --code_state=32 --abi=ti_arm9_abi --include_path="/Applications/ti/ccsv6/tools/compiler/ti-cgt-arm_5.2.6/include" -g --display_error_number --diag_warning=225 --diag_wrap=off --preproc_with_compile --preproc_dependency="main.pp"  "../main.c"
"../main.c", line 17: warning #69-D: integer conversion resulted in a change of sign
"../main.c", line 36: warning #128-D: expected a statement
"../main.c", line 37: warning #69-D: integer conversion resulted in a change of sign
"../main.c", line 53: warning #128-D: expected a statement
"../main.c", line 54: warning #69-D: integer conversion resulted in a change of sign
"../main.c", line 66: warning #69-D: integer conversion resulted in a change of sign
"../main.c", line 86: warning #128-D: expected a statement
"../main.c", line 87: warning #69-D: integer conversion resulted in a change of sign
"../main.c", line 109: warning #128-D: expected a statement
"../main.c", line 110: warning #69-D: integer conversion resulted in a change of sign
Finished building: ../main.c
 
Building target: Lab3.out
Invoking: ARM Linker
"/Applications/ti/ccsv6/tools/compiler/ti-cgt-arm_5.2.6/bin/armcl" -mv4 --code_state=32 --abi=ti_arm9_abi -g --display_error_number --diag_warning=225 --diag_wrap=off -z -m"Lab3.map" -i"/Applications/ti/ccsv6/tools/compiler/ti-cgt-arm_5.2.6/lib" -i"/Applications/ti/ccsv6/tools/compiler/ti-cgt-arm_5.2.6/include" --reread_libs --warn_sections --display_error_number --diag_wrap=off --xml_link_info="Lab3_linkInfo.xml" --rom_model -o "Lab3.out" "./main.obj"  -l"libc.a" 
<Linking>
warning #10247-D: creating output section ".text" without a SECTIONS specification
warning #10247-D: creating output section ".bss" without a SECTIONS specification
warning #10247-D: creating output section ".cinit" without a SECTIONS specification
warning #10210-D: creating ".stack" section with default size of 0x800; use the -stack option to change the default size
Finished building target: Lab3.out
 

**** Build Finished ****

**** Build of configuration Debug for project Lab3 ****

/Applications/ti/ccsv6/utils/bin/gmake -k all 
Building file: ../main.c
Invoking: ARM Compiler
"/Applications/ti/ccsv6/tools/compiler/ti-cgt-arm_5.2.6/bin/armcl" -mv4 --code_state=32 --abi=ti_arm9_abi --include_path="/Applications/ti/ccsv6/tools/compiler/ti-cgt-arm_5.2.6/include" -g --display_error_number --diag_warning=225 --diag_wrap=off --preproc_with_compile --preproc_dependency="main.pp"  "../main.c"
"../main.c", line 17: warning #69-D: integer conversion resulted in a change of sign
"../main.c", line 36: warning #128-D: expected a statement
"../main.c", line 37: warning #69-D: integer conversion resulted in a change of sign
"../main.c", line 53: warning #128-D: expected a statement
"../main.c", line 54: warning #69-D: integer conversion resulted in a change of sign
"../main.c", line 66: warning #69-D: integer conversion resulted in a change of sign
"../main.c", line 86: warning #128-D: expected a statement
"../main.c", line 87: warning #69-D: integer conversion resulted in a change of sign
"../main.c", line 109: warning #128-D: expected a statement
"../main.c", line 110: warning #69-D: integer conversion resulted in a change of sign
Finished building: ../main.c
 
Building target: Lab3.out
Invoking: ARM Linker
"/Applications/ti/ccsv6/tools/compiler/ti-cgt-arm_5.2.6/bin/armcl" -mv4 --code_state=32 --abi=ti_arm9_abi -g --display_error_number --diag_warning=225 --diag_wrap=off -z -m"Lab3.map" -i"/Applications/ti/ccsv6/tools/compiler/ti-cgt-arm_5.2.6/lib" -i"/Applications/ti/ccsv6/tools/compiler/ti-cgt-arm_5.2.6/include" --reread_libs --warn_sections --display_error_number --diag_wrap=off --xml_link_info="Lab3_linkInfo.xml" --rom_model -o "Lab3.out" "./main.obj"  -l"libc.a" 
<Linking>
warning #10247-D: creating output section ".text" without a SECTIONS specification
warning #10247-D: creating output section ".bss" without a SECTIONS specification
warning #10247-D: creating output section ".cinit" without a SECTIONS specification
warning #10210-D: creating ".stack" section with default size of 0x800; use the -stack option to change the default size
Finished building target: Lab3.out
 

**** Build Finished ****

**** Build of configuration Debug for project Lab3 ****

/Applications/ti/ccsv6/utils/bin/gmake -k all 
Building file: ../switch.c
Invoking: ARM Compiler
"/Applications/ti/ccsv6/tools/compiler/ti-cgt-arm_5.2.6/bin/armcl" -mv4 --code_state=32 --abi=ti_arm9_abi --include_path="/Applications/ti/ccsv6/tools/compiler/ti-cgt-arm_5.2.6/include" -g --display_error_number --diag_warning=225 --diag_wrap=off --preproc_with_compile --preproc_dependency="switch.pp"  "../switch.c"
Finished building: ../switch.c
 
Building target: Lab3.out
Invoking: ARM Linker
"/Applications/ti/ccsv6/tools/compiler/ti-cgt-arm_5.2.6/bin/armcl" -mv4 --code_state=32 --abi=ti_arm9_abi -g --display_error_number --diag_warning=225 --diag_wrap=off -z -m"Lab3.map" -i"/Applications/ti/ccsv6/tools/compiler/ti-cgt-arm_5.2.6/lib" -i"/Applications/ti/ccsv6/tools/compiler/ti-cgt-arm_5.2.6/include" --reread_libs --warn_sections --display_error_number --diag_wrap=off --xml_link_info="Lab3_linkInfo.xml" --rom_model -o "Lab3.out" "./main.obj" "./switch.obj"  -l"libc.a" 
<Linking>
warning #10247-D: creating output section ".text" without a SECTIONS specification
warning #10247-D: creating output section ".bss" without a SECTIONS specification
warning #10247-D: creating output section ".cinit" without a SECTIONS specification
warning #10210-D: creating ".stack" section with default size of 0x800; use the -stack option to change the default size
Finished building target: Lab3.out
 

**** Build Finished ****

**** Build of configuration Debug for project Lab3 ****

/Applications/ti/ccsv6/utils/bin/gmake -k all 
Building file: ../timer.c
Invoking: ARM Compiler
"/Applications/ti/ccsv6/tools/compiler/ti-cgt-arm_5.2.6/bin/armcl" -mv4 --code_state=32 --abi=ti_arm9_abi --include_path="/Applications/ti/ccsv6/tools/compiler/ti-cgt-arm_5.2.6/include" -g --display_error_number --diag_warning=225 --diag_wrap=off --preproc_with_compile --preproc_dependency="timer.pp"  "../timer.c"
Finished building: ../timer.c
 
Building target: Lab3.out
Invoking: ARM Linker
"/Applications/ti/ccsv6/tools/compiler/ti-cgt-arm_5.2.6/bin/armcl" -mv4 --code_state=32 --abi=ti_arm9_abi -g --display_error_number --diag_warning=225 --diag_wrap=off -z -m"Lab3.map" -i"/Applications/ti/ccsv6/tools/compiler/ti-cgt-arm_5.2.6/lib" -i"/Applications/ti/ccsv6/tools/compiler/ti-cgt-arm_5.2.6/include" --reread_libs --warn_sections --display_error_number --diag_wrap=off --xml_link_info="Lab3_linkInfo.xml" --rom_model -o "Lab3.out" "./main.obj" "./switch.obj" "./timer.obj"  -l"libc.a" 
<Linking>
warning #10247-D: creating output section ".text" without a SECTIONS specification
warning #10247-D: creating output section ".bss" without a SECTIONS specification
warning #10247-D: creating output section ".cinit" without a SECTIONS specification
warning #10210-D: creating ".stack" section with default size of 0x800; use the -stack option to change the default size
Finished building target: Lab3.out
 

**** Build Finished ****

**** Build of configuration Debug for project Lab3 ****

/Applications/ti/ccsv6/utils/bin/gmake -k all 
Building file: ../speaker.c
Invoking: ARM Compiler
"/Applications/ti/ccsv6/tools/compiler/ti-cgt-arm_5.2.6/bin/armcl" -mv4 --code_state=32 --abi=ti_arm9_abi --include_path="/Applications/ti/ccsv6/tools/compiler/ti-cgt-arm_5.2.6/include" -g --display_error_number --diag_warning=225 --diag_wrap=off --preproc_with_compile --preproc_dependency="speaker.pp"  "../speaker.c"
Finished building: ../speaker.c
 
Building target: Lab3.out
Invoking: ARM Linker
"/Applications/ti/ccsv6/tools/compiler/ti-cgt-arm_5.2.6/bin/armcl" -mv4 --code_state=32 --abi=ti_arm9_abi -g --display_error_number --diag_warning=225 --diag_wrap=off -z -m"Lab3.map" -i"/Applications/ti/ccsv6/tools/compiler/ti-cgt-arm_5.2.6/lib" -i"/Applications/ti/ccsv6/tools/compiler/ti-cgt-arm_5.2.6/include" --reread_libs --warn_sections --display_error_number --diag_wrap=off --xml_link_info="Lab3_linkInfo.xml" --rom_model -o "Lab3.out" "./main.obj" "./speaker.obj" "./switch.obj" "./timer.obj"  -l"libc.a" 
<Linking>
warning #10247-D: creating output section ".text" without a SECTIONS specification
warning #10247-D: creating output section ".bss" without a SECTIONS specification
warning #10247-D: creating output section ".cinit" without a SECTIONS specification
warning #10210-D: creating ".stack" section with default size of 0x800; use the -stack option to change the default size
Finished building target: Lab3.out
 

**** Build Finished ****

**** Build of configuration Debug for project Lab3 ****

/Applications/ti/ccsv6/utils/bin/gmake -k all 
gmake: Nothing to be done for 'all'.

**** Build Finished ****

**** Build of configuration Debug for project Lab3 ****

/Applications/ti/ccsv6/utils/bin/gmake -k all 
gmake: Nothing to be done for 'all'.

**** Build Finished ****

**** Build of configuration Debug for project Lab3 ****

/Applications/ti/ccsv6/utils/bin/gmake -k all 
gmake: Nothing to be done for 'all'.

**** Build Finished ****

**** Build of configuration Debug for project Lab3 ****

/Applications/ti/ccsv6/utils/bin/gmake -k all 
gmake: Nothing to be done for 'all'.

**** Build Finished ****

**** Build of configuration Debug for project Lab3 ****

/Applications/ti/ccsv6/utils/bin/gmake -k all 
Building file: ../main.c
Invoking: ARM Compiler
"/Applications/ti/ccsv6/tools/compiler/ti-cgt-arm_5.2.6/bin/armcl" -mv4 --code_state=32 --abi=ti_arm9_abi --include_path="/Applications/ti/ccsv6/tools/compiler/ti-cgt-arm_5.2.6/include" -g --display_error_number --diag_warning=225 --diag_wrap=off --preproc_with_compile --preproc_dependency="main.pp"  "../main.c"
"../main.c", line 11: fatal error #1965: cannot open source file "../../Lab1/src/ST7735.c"

>> Compilation failure
1 catastrophic error detected in the compilation of "../main.c".
Compilation terminated.
gmake: *** [main.obj] Error 1
gmake: Target 'all' not remade because of errors.
subdir_rules.mk:7: recipe for target 'main.obj' failed

**** Build Finished ****

**** Build of configuration Debug for project Lab3 ****

/Applications/ti/ccsv6/utils/bin/gmake -k all 
Building file: ../main.c
Invoking: ARM Compiler
"/Applications/ti/ccsv6/tools/compiler/ti-cgt-arm_5.2.6/bin/armcl" -mv4 --code_state=32 --abi=ti_arm9_abi --include_path="/Applications/ti/ccsv6/tools/compiler/ti-cgt-arm_5.2.6/include" -g --display_error_number --diag_warning=225 --diag_wrap=off --preproc_with_compile --preproc_dependency="main.pp"  "../main.c"
"../main.c", line 21: warning #69-D: integer conversion resulted in a change of sign
"../main.c", line 40: warning #128-D: expected a statement
"../main.c", line 41: warning #69-D: integer conversion resulted in a change of sign
"../main.c", line 57: warning #128-D: expected a statement
"../main.c", line 58: warning #69-D: integer conversion resulted in a change of sign
"../main.c", line 70: warning #69-D: integer conversion resulted in a change of sign
"../main.c", line 90: warning #128-D: expected a statement
"../main.c", line 91: warning #69-D: integer conversion resulted in a change of sign
"../main.c", line 113: warning #128-D: expected a statement
"../main.c", line 114: warning #69-D: integer conversion resulted in a change of sign
Finished building: ../main.c
 
Building target: Lab3.out
Invoking: ARM Linker
"/Applications/ti/ccsv6/tools/compiler/ti-cgt-arm_5.2.6/bin/armcl" -mv4 --code_state=32 --abi=ti_arm9_abi -g --display_error_number --diag_warning=225 --diag_wrap=off -z -m"Lab3.map" -i"/Applications/ti/ccsv6/tools/compiler/ti-cgt-arm_5.2.6/lib" -i"/Applications/ti/ccsv6/tools/compiler/ti-cgt-arm_5.2.6/include" --reread_libs --warn_sections --display_error_number --diag_wrap=off --xml_link_info="Lab3_linkInfo.xml" --rom_model -o "Lab3.out" "./main.obj" "./speaker.obj" "./switch.obj" "./timer.obj"  -l"libc.a" 
<Linking>
warning #10247-D: creating output section ".text" without a SECTIONS specification
warning #10247-D: creating output section ".const" without a SECTIONS specification
warning #10247-D: creating output section ".bss" without a SECTIONS specification
warning #10247-D: creating output section ".cinit" without a SECTIONS specification
warning #10210-D: creating ".stack" section with default size of 0x800; use the -stack option to change the default size
Finished building target: Lab3.out
 

**** Build Finished ****

**** Build of configuration Debug for project Lab1 ****

/Applications/ti/ccsv6/utils/bin/gmake -k all 
gmake: Nothing to be done for 'all'.

**** Build Finished ****

**** Build of configuration Debug for project Lab2 ****

/Applications/ti/ccsv6/utils/bin/gmake -k all 
gmake: Nothing to be done for 'all'.

**** Build Finished ****

**** Build of configuration Debug for project Lab3 ****

/Applications/ti/ccsv6/utils/bin/gmake -k all 
Building file: ../speaker.c
Invoking: ARM Compiler
"/Applications/ti/ccsv6/tools/compiler/ti-cgt-arm_5.2.6/bin/armcl" -mv4 --code_state=32 --abi=ti_arm9_abi --include_path="/Applications/ti/ccsv6/tools/compiler/ti-cgt-arm_5.2.6/include" -g --display_error_number --diag_warning=225 --diag_wrap=off --preproc_with_compile --preproc_dependency="speaker.pp"  "../speaker.c"
"../speaker.c", line 9: error #20: identifier "uint32_t" is undefined
1 error detected in the compilation of "../speaker.c".
gmake: *** [speaker.obj] Error 1

>> Compilation failure
subdir_rules.mk:14: recipe for target 'speaker.obj' failed
Building file: ../switch.c
Invoking: ARM Compiler
"/Applications/ti/ccsv6/tools/compiler/ti-cgt-arm_5.2.6/bin/armcl" -mv4 --code_state=32 --abi=ti_arm9_abi --include_path="/Applications/ti/ccsv6/tools/compiler/ti-cgt-arm_5.2.6/include" -g --display_error_number --diag_warning=225 --diag_wrap=off --preproc_with_compile --preproc_dependency="switch.pp"  "../switch.c"
Finished building: ../switch.c
 
gmake: Target 'all' not remade because of errors.

**** Build Finished ****

**** Build of configuration Debug for project Lab1 ****

/Applications/ti/ccsv6/utils/bin/gmake -k all 
gmake: Nothing to be done for 'all'.

**** Build Finished ****

**** Build of configuration Debug for project Lab2 ****

/Applications/ti/ccsv6/utils/bin/gmake -k all 
gmake: Nothing to be done for 'all'.

**** Build Finished ****

**** Build of configuration Debug for project Lab3 ****

/Applications/ti/ccsv6/utils/bin/gmake -k all 
Building file: ../main.c
Invoking: ARM Compiler
"/Applications/ti/ccsv6/tools/compiler/ti-cgt-arm_5.2.6/bin/armcl" -mv4 --code_state=32 --abi=ti_arm9_abi --include_path="/Applications/ti/ccsv6/tools/compiler/ti-cgt-arm_5.2.6/include" -g --display_error_number --diag_warning=225 --diag_wrap=off --preproc_with_compile --preproc_dependency="main.pp"  "../main.c"
"../main.c", line 21: warning #69-D: integer conversion resulted in a change of sign
"../main.c", line 40: warning #128-D: expected a statement
"../main.c", line 41: warning #69-D: integer conversion resulted in a change of sign
"../main.c", line 57: warning #128-D: expected a statement
"../main.c", line 58: warning #69-D: integer conversion resulted in a change of sign
"../main.c", line 70: warning #69-D: integer conversion resulted in a change of sign
"../main.c", line 90: warning #128-D: expected a statement
"../main.c", line 91: warning #69-D: integer conversion resulted in a change of sign
"../main.c", line 113: warning #128-D: expected a statement
"../main.c", line 114: warning #69-D: integer conversion resulted in a change of sign
Finished building: ../main.c
 
Building file: ../speaker.c
Invoking: ARM Compiler
"/Applications/ti/ccsv6/tools/compiler/ti-cgt-arm_5.2.6/bin/armcl" -mv4 --code_state=32 --abi=ti_arm9_abi --include_path="/Applications/ti/ccsv6/tools/compiler/ti-cgt-arm_5.2.6/include" -g --display_error_number --diag_warning=225 --diag_wrap=off --preproc_with_compile --preproc_dependency="speaker.pp"  "../speaker.c"
"../speaker.c", line 7: error #11-D: unrecognized preprocessing directive

>> Compilation failure
"../speaker.c", line 9: error #20: identifier "uint32_t" is undefined
2 errors detected in the compilation of "../speaker.c".
subdir_rules.mk:14: recipe for target 'speaker.obj' failed
gmake: *** [speaker.obj] Error 1
Building file: ../switch.c
Invoking: ARM Compiler
"/Applications/ti/ccsv6/tools/compiler/ti-cgt-arm_5.2.6/bin/armcl" -mv4 --code_state=32 --abi=ti_arm9_abi --include_path="/Applications/ti/ccsv6/tools/compiler/ti-cgt-arm_5.2.6/include" -g --display_error_number --diag_warning=225 --diag_wrap=off --preproc_with_compile --preproc_dependency="switch.pp"  "../switch.c"
Finished building: ../switch.c
 
gmake: Target 'all' not remade because of errors.

**** Build Finished ****

**** Build of configuration Debug for project Lab3 ****

/Applications/ti/ccsv6/utils/bin/gmake -k all 
Building file: ../speaker.c
Invoking: ARM Compiler
"/Applications/ti/ccsv6/tools/compiler/ti-cgt-arm_5.2.6/bin/armcl" -mv4 --code_state=32 --abi=ti_arm9_abi --include_path="/Applications/ti/ccsv6/tools/compiler/ti-cgt-arm_5.2.6/include" -g --display_error_number --diag_warning=225 --diag_wrap=off --preproc_with_compile --preproc_dependency="speaker.pp"  "../speaker.c"
Finished building: ../speaker.c
 
Building target: Lab3.out
Invoking: ARM Linker
"/Applications/ti/ccsv6/tools/compiler/ti-cgt-arm_5.2.6/bin/armcl" -mv4 --code_state=32 --abi=ti_arm9_abi -g --display_error_number --diag_warning=225 --diag_wrap=off -z -m"Lab3.map" -i"/Applications/ti/ccsv6/tools/compiler/ti-cgt-arm_5.2.6/lib" -i"/Applications/ti/ccsv6/tools/compiler/ti-cgt-arm_5.2.6/include" --reread_libs --warn_sections --display_error_number --diag_wrap=off --xml_link_info="Lab3_linkInfo.xml" --rom_model -o "Lab3.out" "./main.obj" "./speaker.obj" "./switch.obj" "./timer.obj"  -l"libc.a" 
<Linking>
warning #10247-D: creating output section ".text" without a SECTIONS specification
warning #10247-D: creating output section ".const" without a SECTIONS specification
warning #10247-D: creating output section ".bss" without a SECTIONS specification
warning #10247-D: creating output section ".cinit" without a SECTIONS specification
warning #10210-D: creating ".stack" section with default size of 0x800; use the -stack option to change the default size
Finished building target: Lab3.out
 

**** Build Finished ****

**** Build of configuration Debug for project Lab1 ****

/Applications/ti/ccsv6/utils/bin/gmake -k all 
gmake: Nothing to be done for 'all'.

**** Build Finished ****

**** Build of configuration Debug for project Lab2 ****

/Applications/ti/ccsv6/utils/bin/gmake -k all 
gmake: Nothing to be done for 'all'.

**** Build Finished ****

**** Build of configuration Debug for project Lab3 ****

/Applications/ti/ccsv6/utils/bin/gmake -k all 
gmake: Nothing to be done for 'all'.

**** Build Finished ****

**** Build of configuration Debug for project Lab3 ****

/Applications/ti/ccsv6/utils/bin/gmake -k all 
Building file: ../main.c
Invoking: ARM Compiler
"/Applications/ti/ccsv6/tools/compiler/ti-cgt-arm_5.2.6/bin/armcl" -mv4 --code_state=32 --abi=ti_arm9_abi --include_path="/Applications/ti/ccsv6/tools/compiler/ti-cgt-arm_5.2.6/include" -g --display_error_number --diag_warning=225 --diag_wrap=off --preproc_with_compile --preproc_dependency="main.pp"  "../main.c"
"../main.c", line 21: warning #69-D: integer conversion resulted in a change of sign
"../main.c", line 40: warning #128-D: expected a statement
"../main.c", line 41: warning #69-D: integer conversion resulted in a change of sign
"../main.c", line 57: warning #128-D: expected a statement
"../main.c", line 58: warning #69-D: integer conversion resulted in a change of sign
"../main.c", line 70: warning #69-D: integer conversion resulted in a change of sign
"../main.c", line 90: warning #128-D: expected a statement
"../main.c", line 91: warning #69-D: integer conversion resulted in a change of sign
"../main.c", line 113: warning #128-D: expected a statement
"../main.c", line 114: warning #69-D: integer conversion resulted in a change of sign
Finished building: ../main.c
 
Building file: ../speaker.c
Invoking: ARM Compiler
"/Applications/ti/ccsv6/tools/compiler/ti-cgt-arm_5.2.6/bin/armcl" -mv4 --code_state=32 --abi=ti_arm9_abi --include_path="/Applications/ti/ccsv6/tools/compiler/ti-cgt-arm_5.2.6/include" -g --display_error_number --diag_warning=225 --diag_wrap=off --preproc_with_compile --preproc_dependency="speaker.pp"  "../speaker.c"
Finished building: ../speaker.c
 
Building target: Lab3.out
Invoking: ARM Linker
"/Applications/ti/ccsv6/tools/compiler/ti-cgt-arm_5.2.6/bin/armcl" -mv4 --code_state=32 --abi=ti_arm9_abi -g --display_error_number --diag_warning=225 --diag_wrap=off -z -m"Lab3.map" -i"/Applications/ti/ccsv6/tools/compiler/ti-cgt-arm_5.2.6/lib" -i"/Applications/ti/ccsv6/tools/compiler/ti-cgt-arm_5.2.6/include" --reread_libs --warn_sections --display_error_number --diag_wrap=off --xml_link_info="Lab3_linkInfo.xml" --rom_model -o "Lab3.out" "./main.obj" "./speaker.obj" "./switch.obj" "./timer.obj"  -l"libc.a" 
<Linking>
warning #10247-D: creating output section ".text" without a SECTIONS specification
warning #10247-D: creating output section ".const" without a SECTIONS specification
warning #10247-D: creating output section ".bss" without a SECTIONS specification
warning #10247-D: creating output section ".cinit" without a SECTIONS specification
warning #10210-D: creating ".stack" section with default size of 0x800; use the -stack option to change the default size
Finished building target: Lab3.out
 

**** Build Finished ****

**** Build of configuration Debug for project Lab3 ****

/Applications/ti/ccsv6/utils/bin/gmake -k all 
Building file: ../main.c
Invoking: ARM Compiler
"/Applications/ti/ccsv6/tools/compiler/ti-cgt-arm_5.2.6/bin/armcl" -mv4 --code_state=32 --abi=ti_arm9_abi --include_path="/Applications/ti/ccsv6/tools/compiler/ti-cgt-arm_5.2.6/include" -g --display_error_number --diag_warning=225 --diag_wrap=off --preproc_with_compile --preproc_dependency="main.pp"  "../main.c"
"../main.c", line 21: warning #69-D: integer conversion resulted in a change of sign
"../main.c", line 40: warning #128-D: expected a statement
"../main.c", line 41: warning #69-D: integer conversion resulted in a change of sign
"../main.c", line 57: warning #128-D: expected a statement
"../main.c", line 58: warning #69-D: integer conversion resulted in a change of sign
"../main.c", line 70: warning #69-D: integer conversion resulted in a change of sign
"../main.c", line 90: warning #128-D: expected a statement
"../main.c", line 91: warning #69-D: integer conversion resulted in a change of sign
"../main.c", line 113: warning #128-D: expected a statement
"../main.c", line 114: warning #69-D: integer conversion resulted in a change of sign
Finished building: ../main.c
 
Building target: Lab3.out
Invoking: ARM Linker
"/Applications/ti/ccsv6/tools/compiler/ti-cgt-arm_5.2.6/bin/armcl" -mv4 --code_state=32 --abi=ti_arm9_abi -g --display_error_number --diag_warning=225 --diag_wrap=off -z -m"Lab3.map" -i"/Applications/ti/ccsv6/tools/compiler/ti-cgt-arm_5.2.6/lib" -i"/Applications/ti/ccsv6/tools/compiler/ti-cgt-arm_5.2.6/include" --reread_libs --warn_sections --display_error_number --diag_wrap=off --xml_link_info="Lab3_linkInfo.xml" --rom_model -o "Lab3.out" "./main.obj" "./speaker.obj" "./switch.obj" "./timer.obj"  -l"libc.a" 
<Linking>
warning #10247-D: creating output section ".text" without a SECTIONS specification
warning #10247-D: creating output section ".const" without a SECTIONS specification
warning #10247-D: creating output section ".bss" without a SECTIONS specification
warning #10247-D: creating output section ".cinit" without a SECTIONS specification
warning #10210-D: creating ".stack" section with default size of 0x800; use the -stack option to change the default size
Finished building target: Lab3.out
 

**** Build Finished ****

**** Build of configuration Debug for project Lab3 ****

/Applications/ti/ccsv6/utils/bin/gmake -k all 
Building file: ../timer.c
Invoking: ARM Compiler
"/Applications/ti/ccsv6/tools/compiler/ti-cgt-arm_5.2.6/bin/armcl" -mv4 --code_state=32 --abi=ti_arm9_abi --include_path="/Applications/ti/ccsv6/tools/compiler/ti-cgt-arm_5.2.6/include" -g --display_error_number --diag_warning=225 --diag_wrap=off --preproc_with_compile --preproc_dependency="timer.pp"  "../timer.c"
"../timer.c", line 3: error #148: declaration is incompatible with "void initTimer(void)" (declared at line 5 of "../timer.h")

>> Compilation failure
1 error detected in the compilation of "../timer.c".
gmake: *** [timer.obj] Error 1
gmake: Target 'all' not remade because of errors.
subdir_rules.mk:28: recipe for target 'timer.obj' failed

**** Build Finished ****

**** Build of configuration Debug for project Lab3 ****

/Applications/ti/ccsv6/utils/bin/gmake -k all 
Building file: ../main.c
Invoking: ARM Compiler
"/Applications/ti/ccsv6/tools/compiler/ti-cgt-arm_5.2.6/bin/armcl" -mv4 --code_state=32 --abi=ti_arm9_abi --include_path="/Applications/ti/ccsv6/tools/compiler/ti-cgt-arm_5.2.6/include" -g --display_error_number --diag_warning=225 --diag_wrap=off --preproc_with_compile --preproc_dependency="main.pp"  "../main.c"
"../main.c", line 21: warning #69-D: integer conversion resulted in a change of sign
"../main.c", line 40: warning #128-D: expected a statement
"../main.c", line 41: warning #69-D: integer conversion resulted in a change of sign
"../main.c", line 57: warning #128-D: expected a statement
"../main.c", line 58: warning #69-D: integer conversion resulted in a change of sign
"../main.c", line 70: warning #69-D: integer conversion resulted in a change of sign
"../main.c", line 90: warning #128-D: expected a statement
"../main.c", line 91: warning #69-D: integer conversion resulted in a change of sign
"../main.c", line 113: warning #128-D: expected a statement
"../main.c", line 114: warning #69-D: integer conversion resulted in a change of sign
Finished building: ../main.c
 
Building file: ../timer.c
Invoking: ARM Compiler
"/Applications/ti/ccsv6/tools/compiler/ti-cgt-arm_5.2.6/bin/armcl" -mv4 --code_state=32 --abi=ti_arm9_abi --include_path="/Applications/ti/ccsv6/tools/compiler/ti-cgt-arm_5.2.6/include" -g --display_error_number --diag_warning=225 --diag_wrap=off --preproc_with_compile --preproc_dependency="timer.pp"  "../timer.c"
Finished building: ../timer.c
 
Building target: Lab3.out
Invoking: ARM Linker
"/Applications/ti/ccsv6/tools/compiler/ti-cgt-arm_5.2.6/bin/armcl" -mv4 --code_state=32 --abi=ti_arm9_abi -g --display_error_number --diag_warning=225 --diag_wrap=off -z -m"Lab3.map" -i"/Applications/ti/ccsv6/tools/compiler/ti-cgt-arm_5.2.6/lib" -i"/Applications/ti/ccsv6/tools/compiler/ti-cgt-arm_5.2.6/include" --reread_libs --warn_sections --display_error_number --diag_wrap=off --xml_link_info="Lab3_linkInfo.xml" --rom_model -o "Lab3.out" "./main.obj" "./speaker.obj" "./switch.obj" "./timer.obj"  -l"libc.a" 
<Linking>
warning #10247-D: creating output section ".text" without a SECTIONS specification
warning #10247-D: creating output section ".const" without a SECTIONS specification
warning #10247-D: creating output section ".bss" without a SECTIONS specification
warning #10247-D: creating output section ".cinit" without a SECTIONS specification
warning #10210-D: creating ".stack" section with default size of 0x800; use the -stack option to change the default size
Finished building target: Lab3.out
 

**** Build Finished ****

**** Build of configuration Debug for project Lab3 ****

/Applications/ti/ccsv6/utils/bin/gmake -k all 
Building file: ../speaker.c
Invoking: ARM Compiler
"/Applications/ti/ccsv6/tools/compiler/ti-cgt-arm_5.2.6/bin/armcl" -mv4 --code_state=32 --abi=ti_arm9_abi --include_path="/Applications/ti/ccsv6/tools/compiler/ti-cgt-arm_5.2.6/include" -g --display_error_number --diag_warning=225 --diag_wrap=off --preproc_with_compile --preproc_dependency="speaker.pp"  "../speaker.c"
Finished building: ../speaker.c
 
Building target: Lab3.out
Invoking: ARM Linker
"/Applications/ti/ccsv6/tools/compiler/ti-cgt-arm_5.2.6/bin/armcl" -mv4 --code_state=32 --abi=ti_arm9_abi -g --display_error_number --diag_warning=225 --diag_wrap=off -z -m"Lab3.map" -i"/Applications/ti/ccsv6/tools/compiler/ti-cgt-arm_5.2.6/lib" -i"/Applications/ti/ccsv6/tools/compiler/ti-cgt-arm_5.2.6/include" --reread_libs --warn_sections --display_error_number --diag_wrap=off --xml_link_info="Lab3_linkInfo.xml" --rom_model -o "Lab3.out" "./main.obj" "./speaker.obj" "./switch.obj" "./timer.obj"  -l"libc.a" 
<Linking>
warning #10247-D: creating output section ".text" without a SECTIONS specification
warning #10247-D: creating output section ".const" without a SECTIONS specification
warning #10247-D: creating output section ".bss" without a SECTIONS specification
warning #10247-D: creating output section ".cinit" without a SECTIONS specification
warning #10210-D: creating ".stack" section with default size of 0x800; use the -stack option to change the default size
Finished building target: Lab3.out
 

**** Build Finished ****

**** Build of configuration Debug for project Lab3 ****

/Applications/ti/ccsv6/utils/bin/gmake -k all 
Building file: ../main.c
Invoking: ARM Compiler
"/Applications/ti/ccsv6/tools/compiler/ti-cgt-arm_5.2.6/bin/armcl" -mv4 --code_state=32 --abi=ti_arm9_abi --include_path="/Applications/ti/ccsv6/tools/compiler/ti-cgt-arm_5.2.6/include" -g --display_error_number --diag_warning=225 --diag_wrap=off --preproc_with_compile --preproc_dependency="main.pp"  "../main.c"
"../main.c", line 21: warning #69-D: integer conversion resulted in a change of sign
"../main.c", line 40: warning #128-D: expected a statement
"../main.c", line 41: warning #69-D: integer conversion resulted in a change of sign
"../main.c", line 57: warning #128-D: expected a statement
"../main.c", line 58: warning #69-D: integer conversion resulted in a change of sign
"../main.c", line 70: warning #69-D: integer conversion resulted in a change of sign
"../main.c", line 90: warning #128-D: expected a statement
"../main.c", line 91: warning #69-D: integer conversion resulted in a change of sign
"../main.c", line 113: warning #128-D: expected a statement
"../main.c", line 114: warning #69-D: integer conversion resulted in a change of sign
Finished building: ../main.c
 
Building file: ../speaker.c
Invoking: ARM Compiler
"/Applications/ti/ccsv6/tools/compiler/ti-cgt-arm_5.2.6/bin/armcl" -mv4 --code_state=32 --abi=ti_arm9_abi --include_path="/Applications/ti/ccsv6/tools/compiler/ti-cgt-arm_5.2.6/include" -g --display_error_number --diag_warning=225 --diag_wrap=off --preproc_with_compile --preproc_dependency="speaker.pp"  "../speaker.c"
Finished building: ../speaker.c
 
Building target: Lab3.out
Invoking: ARM Linker
"/Applications/ti/ccsv6/tools/compiler/ti-cgt-arm_5.2.6/bin/armcl" -mv4 --code_state=32 --abi=ti_arm9_abi -g --display_error_number --diag_warning=225 --diag_wrap=off -z -m"Lab3.map" -i"/Applications/ti/ccsv6/tools/compiler/ti-cgt-arm_5.2.6/lib" -i"/Applications/ti/ccsv6/tools/compiler/ti-cgt-arm_5.2.6/include" --reread_libs --warn_sections --display_error_number --diag_wrap=off --xml_link_info="Lab3_linkInfo.xml" --rom_model -o "Lab3.out" "./main.obj" "./speaker.obj" "./switch.obj" "./timer.obj"  -l"libc.a" 
<Linking>
warning #10247-D: creating output section ".text" without a SECTIONS specification
warning #10247-D: creating output section ".const" without a SECTIONS specification
warning #10247-D: creating output section ".bss" without a SECTIONS specification
warning #10247-D: creating output section ".cinit" without a SECTIONS specification
warning #10210-D: creating ".stack" section with default size of 0x800; use the -stack option to change the default size
Finished building target: Lab3.out
 

**** Build Finished ****

**** Build of configuration Debug for project Lab1 ****

/Applications/ti/ccsv6/utils/bin/gmake -k all 
gmake: Nothing to be done for 'all'.

**** Build Finished ****

**** Build of configuration Debug for project Lab2 ****

/Applications/ti/ccsv6/utils/bin/gmake -k all 
gmake: Nothing to be done for 'all'.

**** Build Finished ****

**** Build of configuration Debug for project Lab3 ****

/Applications/ti/ccsv6/utils/bin/gmake -k all 
Building file: ../main.c
Invoking: ARM Compiler
"/Applications/ti/ccsv6/tools/compiler/ti-cgt-arm_5.2.6/bin/armcl" -mv4 --code_state=32 --abi=ti_arm9_abi --include_path="/Applications/ti/ccsv6/tools/compiler/ti-cgt-arm_5.2.6/include" -g --display_error_number --diag_warning=225 --diag_wrap=off --preproc_with_compile --preproc_dependency="main.pp"  "../main.c"
"../main.c", line 21: warning #69-D: integer conversion resulted in a change of sign
"../main.c", line 40: warning #128-D: expected a statement
"../main.c", line 41: warning #69-D: integer conversion resulted in a change of sign
"../main.c", line 57: warning #128-D: expected a statement
"../main.c", line 58: warning #69-D: integer conversion resulted in a change of sign
"../main.c", line 70: warning #69-D: integer conversion resulted in a change of sign
"../main.c", line 90: warning #128-D: expected a statement
"../main.c", line 91: warning #69-D: integer conversion resulted in a change of sign
"../main.c", line 113: warning #128-D: expected a statement
"../main.c", line 114: warning #69-D: integer conversion resulted in a change of sign
Finished building: ../main.c
 
Building file: ../switch.c
Invoking: ARM Compiler
"/Applications/ti/ccsv6/tools/compiler/ti-cgt-arm_5.2.6/bin/armcl" -mv4 --code_state=32 --abi=ti_arm9_abi --include_path="/Applications/ti/ccsv6/tools/compiler/ti-cgt-arm_5.2.6/include" -g --display_error_number --diag_warning=225 --diag_wrap=off --preproc_with_compile --preproc_dependency="switch.pp"  "../switch.c"
"../switch.c", line 2: warning #14-D: extra text after expected end of preprocessing directive
Finished building: ../switch.c
 
Building target: Lab3.out
Invoking: ARM Linker
"/Applications/ti/ccsv6/tools/compiler/ti-cgt-arm_5.2.6/bin/armcl" -mv4 --code_state=32 --abi=ti_arm9_abi -g --display_error_number --diag_warning=225 --diag_wrap=off -z -m"Lab3.map" -i"/Applications/ti/ccsv6/tools/compiler/ti-cgt-arm_5.2.6/lib" -i"/Applications/ti/ccsv6/tools/compiler/ti-cgt-arm_5.2.6/include" --reread_libs --warn_sections --display_error_number --diag_wrap=off --xml_link_info="Lab3_linkInfo.xml" --rom_model -o "Lab3.out" "./main.obj" "./speaker.obj" "./switch.obj" "./timer.obj"  -l"libc.a" 
<Linking>
warning #10247-D: creating output section ".text" without a SECTIONS specification
warning #10247-D: creating output section ".const" without a SECTIONS specification
warning #10247-D: creating output section ".bss" without a SECTIONS specification
warning #10247-D: creating output section ".cinit" without a SECTIONS specification
warning #10210-D: creating ".stack" section with default size of 0x800; use the -stack option to change the default size
Finished building target: Lab3.out
 

**** Build Finished ****

**** Build of configuration Debug for project Lab3 ****

/Applications/ti/ccsv6/utils/bin/gmake -k all 
Building file: ../main.c
Invoking: ARM Compiler
"/Applications/ti/ccsv6/tools/compiler/ti-cgt-arm_5.2.6/bin/armcl" -mv4 --code_state=32 --abi=ti_arm9_abi --include_path="/Applications/ti/ccsv6/tools/compiler/ti-cgt-arm_5.2.6/include" -g --display_error_number --diag_warning=225 --diag_wrap=off --preproc_with_compile --preproc_dependency="main.pp"  "../main.c"
"../main.c", line 21: warning #69-D: integer conversion resulted in a change of sign
"../main.c", line 39: warning #128-D: expected a statement
"../main.c", line 56: warning #128-D: expected a statement
"../main.c", line 57: warning #69-D: integer conversion resulted in a change of sign
"../main.c", line 69: warning #69-D: integer conversion resulted in a change of sign
"../main.c", line 89: warning #128-D: expected a statement
"../main.c", line 90: warning #69-D: integer conversion resulted in a change of sign
"../main.c", line 112: warning #128-D: expected a statement
"../main.c", line 113: warning #69-D: integer conversion resulted in a change of sign
Finished building: ../main.c
 
Building target: Lab3.out
Invoking: ARM Linker
"/Applications/ti/ccsv6/tools/compiler/ti-cgt-arm_5.2.6/bin/armcl" -mv4 --code_state=32 --abi=ti_arm9_abi -g --display_error_number --diag_warning=225 --diag_wrap=off -z -m"Lab3.map" -i"/Applications/ti/ccsv6/tools/compiler/ti-cgt-arm_5.2.6/lib" -i"/Applications/ti/ccsv6/tools/compiler/ti-cgt-arm_5.2.6/include" --reread_libs --warn_sections --display_error_number --diag_wrap=off --xml_link_info="Lab3_linkInfo.xml" --rom_model -o "Lab3.out" "./main.obj" "./speaker.obj" "./switch.obj" "./timer.obj"  -l"libc.a" 
<Linking>
warning #10247-D: creating output section ".text" without a SECTIONS specification
warning #10247-D: creating output section ".const" without a SECTIONS specification
warning #10247-D: creating output section ".bss" without a SECTIONS specification
warning #10247-D: creating output section ".cinit" without a SECTIONS specification
warning #10210-D: creating ".stack" section with default size of 0x800; use the -stack option to change the default size
Finished building target: Lab3.out
 

**** Build Finished ****

**** Build of configuration Debug for project Lab1 ****

/Applications/ti/ccsv6/utils/bin/gmake -k all 
gmake: Nothing to be done for 'all'.

**** Build Finished ****

**** Build of configuration Debug for project Lab2 ****

/Applications/ti/ccsv6/utils/bin/gmake -k all 
gmake: Nothing to be done for 'all'.

**** Build Finished ****

**** Build of configuration Debug for project Lab3 ****

/Applications/ti/ccsv6/utils/bin/gmake -k all 
Building file: ../switch.c
Invoking: ARM Compiler
"/Applications/ti/ccsv6/tools/compiler/ti-cgt-arm_5.2.6/bin/armcl" -mv4 --code_state=32 --abi=ti_arm9_abi --include_path="/Applications/ti/ccsv6/tools/compiler/ti-cgt-arm_5.2.6/include" -g --display_error_number --diag_warning=225 --diag_wrap=off --preproc_with_compile --preproc_dependency="switch.pp"  "../switch.c"
"../switch.c", line 2: warning #14-D: extra text after expected end of preprocessing directive
"../switch.c", line 9: warning #69-D: integer conversion resulted in a change of sign
Finished building: ../switch.c
 
Building target: Lab3.out
Invoking: ARM Linker
"/Applications/ti/ccsv6/tools/compiler/ti-cgt-arm_5.2.6/bin/armcl" -mv4 --code_state=32 --abi=ti_arm9_abi -g --display_error_number --diag_warning=225 --diag_wrap=off -z -m"Lab3.map" -i"/Applications/ti/ccsv6/tools/compiler/ti-cgt-arm_5.2.6/lib" -i"/Applications/ti/ccsv6/tools/compiler/ti-cgt-arm_5.2.6/include" --reread_libs --warn_sections --display_error_number --diag_wrap=off --xml_link_info="Lab3_linkInfo.xml" --rom_model -o "Lab3.out" "./main.obj" "./speaker.obj" "./switch.obj" "./timer.obj"  -l"libc.a" 
<Linking>
warning #10247-D: creating output section ".text" without a SECTIONS specification
warning #10247-D: creating output section ".const" without a SECTIONS specification
warning #10247-D: creating output section ".bss" without a SECTIONS specification
warning #10247-D: creating output section ".cinit" without a SECTIONS specification
warning #10210-D: creating ".stack" section with default size of 0x800; use the -stack option to change the default size
Finished building target: Lab3.out
 

**** Build Finished ****

**** Build of configuration Debug for project Lab3 ****

/Applications/ti/ccsv6/utils/bin/gmake -k all 
Building file: ../main.c
Invoking: ARM Compiler
"/Applications/ti/ccsv6/tools/compiler/ti-cgt-arm_5.2.6/bin/armcl" -mv4 --code_state=32 --abi=ti_arm9_abi --include_path="/Applications/ti/ccsv6/tools/compiler/ti-cgt-arm_5.2.6/include" -g --display_error_number --diag_warning=225 --diag_wrap=off --preproc_with_compile --preproc_dependency="main.pp"  "../main.c"
"../main.c", line 21: warning #69-D: integer conversion resulted in a change of sign
"../main.c", line 33: warning #225-D: function "timerInit" declared implicitly
"../main.c", line 35: error #66: expected a ";"
"../main.c", line 40: warning #128-D: expected a statement
"../main.c", line 57: warning #128-D: expected a statement

>> Compilation failure
"../main.c", line 90: warning #128-D: expected a statement
"../main.c", line 113: warning #128-D: expected a statement
1 error detected in the compilation of "../main.c".
subdir_rules.mk:7: recipe for target 'main.obj' failed
gmake: *** [main.obj] Error 1
gmake: Target 'all' not remade because of errors.

**** Build Finished ****

**** Build of configuration Debug for project Lab3 ****

/Applications/ti/ccsv6/utils/bin/gmake -k all 
Building file: ../main.c
Invoking: ARM Compiler
"/Applications/ti/ccsv6/tools/compiler/ti-cgt-arm_5.2.6/bin/armcl" -mv4 --code_state=32 --abi=ti_arm9_abi --include_path="/Applications/ti/ccsv6/tools/compiler/ti-cgt-arm_5.2.6/include" -g --display_error_number --diag_warning=225 --diag_wrap=off --preproc_with_compile --preproc_dependency="main.pp"  "../main.c"
"../main.c", line 21: warning #69-D: integer conversion resulted in a change of sign
"../main.c", line 33: warning #225-D: function "timerInit" declared implicitly
"../main.c", line 40: warning #128-D: expected a statement
"../main.c", line 57: warning #128-D: expected a statement
"../main.c", line 90: warning #128-D: expected a statement
"../main.c", line 113: warning #128-D: expected a statement
Finished building: ../main.c
 
Building target: Lab3.out
Invoking: ARM Linker
"/Applications/ti/ccsv6/tools/compiler/ti-cgt-arm_5.2.6/bin/armcl" -mv4 --code_state=32 --abi=ti_arm9_abi -g --display_error_number --diag_warning=225 --diag_wrap=off -z -m"Lab3.map" -i"/Applications/ti/ccsv6/tools/compiler/ti-cgt-arm_5.2.6/lib" -i"/Applications/ti/ccsv6/tools/compiler/ti-cgt-arm_5.2.6/include" --reread_libs --warn_sections --display_error_number --diag_wrap=off --xml_link_info="Lab3_linkInfo.xml" --rom_model -o "Lab3.out" "./main.obj" "./speaker.obj" "./switch.obj" "./timer.obj"  -l"libc.a" 
<Linking>
warning #10247-D: creating output section ".text" without a SECTIONS specification
warning #10247-D: creating output section ".const" without a SECTIONS specification
warning #10247-D: creating output section ".bss" without a SECTIONS specification
warning #10247-D: creating output section ".cinit" without a SECTIONS specification
warning #10210-D: creating ".stack" section with default size of 0x800; use the -stack option to change the default size

 undefined  first referenced
  symbol        in file     
 ---------  ----------------
 _timerInit ./main.obj      

error #10234-D: unresolved symbols remain
error #10010: errors encountered during linking; "Lab3.out" not built

>> Compilation failure
gmake: *** [Lab3.out] Error 1
gmake: Target 'all' not remade because of errors.
makefile:137: recipe for target 'Lab3.out' failed

**** Build Finished ****

**** Build of configuration Debug for project Lab3 ****

/Applications/ti/ccsv6/utils/bin/gmake -k all 
Building file: ../main.c
Invoking: ARM Compiler
"/Applications/ti/ccsv6/tools/compiler/ti-cgt-arm_5.2.6/bin/armcl" -mv4 --code_state=32 --abi=ti_arm9_abi --include_path="/Applications/ti/ccsv6/tools/compiler/ti-cgt-arm_5.2.6/include" -g --display_error_number --diag_warning=225 --diag_wrap=off --preproc_with_compile --preproc_dependency="main.pp"  "../main.c"
"../main.c", line 21: warning #69-D: integer conversion resulted in a change of sign
"../main.c", line 33: warning #225-D: function "timerUpdate" declared implicitly
"../main.c", line 40: warning #128-D: expected a statement
"../main.c", line 57: warning #128-D: expected a statement
"../main.c", line 90: warning #128-D: expected a statement
"../main.c", line 113: warning #128-D: expected a statement
Finished building: ../main.c
 
Building target: Lab3.out
Invoking: ARM Linker
"/Applications/ti/ccsv6/tools/compiler/ti-cgt-arm_5.2.6/bin/armcl" -mv4 --code_state=32 --abi=ti_arm9_abi -g --display_error_number --diag_warning=225 --diag_wrap=off -z -m"Lab3.map" -i"/Applications/ti/ccsv6/tools/compiler/ti-cgt-arm_5.2.6/lib" -i"/Applications/ti/ccsv6/tools/compiler/ti-cgt-arm_5.2.6/include" --reread_libs --warn_sections --display_error_number --diag_wrap=off --xml_link_info="Lab3_linkInfo.xml" --rom_model -o "Lab3.out" "./main.obj" "./speaker.obj" "./switch.obj" "./timer.obj"  -l"libc.a" 
<Linking>
warning #10247-D: creating output section ".text" without a SECTIONS specification
warning #10247-D: creating output section ".const" without a SECTIONS specification
warning #10247-D: creating output section ".bss" without a SECTIONS specification
warning #10247-D: creating output section ".cinit" without a SECTIONS specification
warning #10210-D: creating ".stack" section with default size of 0x800; use the -stack option to change the default size

 undefined    first referenced
  symbol          in file     
 ---------    ----------------
 _timerUpdate ./main.obj      

error #10234-D: unresolved symbols remain
error #10010: errors encountered during linking; "Lab3.out" not built

>> Compilation failure
gmake: *** [Lab3.out] Error 1
makefile:137: recipe for target 'Lab3.out' failed
gmake: Target 'all' not remade because of errors.

**** Build Finished ****

**** Build of configuration Debug for project Lab3 ****

/Applications/ti/ccsv6/utils/bin/gmake -k all 
Building file: ../main.c
Invoking: ARM Compiler
"/Applications/ti/ccsv6/tools/compiler/ti-cgt-arm_5.2.6/bin/armcl" -mv4 --code_state=32 --abi=ti_arm9_abi --include_path="/Applications/ti/ccsv6/tools/compiler/ti-cgt-arm_5.2.6/include" -g --display_error_number --diag_warning=225 --diag_wrap=off --preproc_with_compile --preproc_dependency="main.pp"  "../main.c"
"../main.c", line 21: warning #69-D: integer conversion resulted in a change of sign
"../main.c", line 40: warning #128-D: expected a statement
"../main.c", line 57: warning #128-D: expected a statement
"../main.c", line 90: warning #128-D: expected a statement
"../main.c", line 113: warning #128-D: expected a statement
Finished building: ../main.c
 
Building file: ../timer.c
Invoking: ARM Compiler
"/Applications/ti/ccsv6/tools/compiler/ti-cgt-arm_5.2.6/bin/armcl" -mv4 --code_state=32 --abi=ti_arm9_abi --include_path="/Applications/ti/ccsv6/tools/compiler/ti-cgt-arm_5.2.6/include" -g --display_error_number --diag_warning=225 --diag_wrap=off --preproc_with_compile --preproc_dependency="timer.pp"  "../timer.c"
Finished building: ../timer.c
 
Building target: Lab3.out
Invoking: ARM Linker
"/Applications/ti/ccsv6/tools/compiler/ti-cgt-arm_5.2.6/bin/armcl" -mv4 --code_state=32 --abi=ti_arm9_abi -g --display_error_number --diag_warning=225 --diag_wrap=off -z -m"Lab3.map" -i"/Applications/ti/ccsv6/tools/compiler/ti-cgt-arm_5.2.6/lib" -i"/Applications/ti/ccsv6/tools/compiler/ti-cgt-arm_5.2.6/include" --reread_libs --warn_sections --display_error_number --diag_wrap=off --xml_link_info="Lab3_linkInfo.xml" --rom_model -o "Lab3.out" "./main.obj" "./speaker.obj" "./switch.obj" "./timer.obj"  -l"libc.a" 
<Linking>
warning #10247-D: creating output section ".text" without a SECTIONS specification
warning #10247-D: creating output section ".const" without a SECTIONS specification
warning #10247-D: creating output section ".bss" without a SECTIONS specification
warning #10247-D: creating output section ".cinit" without a SECTIONS specification
warning #10210-D: creating ".stack" section with default size of 0x800; use the -stack option to change the default size

 undefined    first referenced
  symbol          in file     
 ---------    ----------------
 _timerUpdate ./main.obj      

error #10234-D: unresolved symbols remain
error #10010: errors encountered during linking; "Lab3.out" not built

>> Compilation failure
makefile:137: recipe for target 'Lab3.out' failed
gmake: *** [Lab3.out] Error 1
gmake: Target 'all' not remade because of errors.

**** Build Finished ****

**** Build of configuration Debug for project Lab1 ****

/Applications/ti/ccsv6/utils/bin/gmake -k all 
gmake: Nothing to be done for 'all'.

**** Build Finished ****

**** Build of configuration Debug for project Lab2 ****

/Applications/ti/ccsv6/utils/bin/gmake -k all 
gmake: Nothing to be done for 'all'.

**** Build Finished ****

**** Build of configuration Debug for project Lab3 ****

/Applications/ti/ccsv6/utils/bin/gmake -k all 
Building file: ../timer.c
Invoking: ARM Compiler
"/Applications/ti/ccsv6/tools/compiler/ti-cgt-arm_5.2.6/bin/armcl" -mv4 --code_state=32 --abi=ti_arm9_abi --include_path="/Applications/ti/ccsv6/tools/compiler/ti-cgt-arm_5.2.6/include" -g --display_error_number --diag_warning=225 --diag_wrap=off --preproc_with_compile --preproc_dependency="timer.pp"  "../timer.c"
Finished building: ../timer.c
 
Building target: Lab3.out
Invoking: ARM Linker
"/Applications/ti/ccsv6/tools/compiler/ti-cgt-arm_5.2.6/bin/armcl" -mv4 --code_state=32 --abi=ti_arm9_abi -g --display_error_number --diag_warning=225 --diag_wrap=off -z -m"Lab3.map" -i"/Applications/ti/ccsv6/tools/compiler/ti-cgt-arm_5.2.6/lib" -i"/Applications/ti/ccsv6/tools/compiler/ti-cgt-arm_5.2.6/include" --reread_libs --warn_sections --display_error_number --diag_wrap=off --xml_link_info="Lab3_linkInfo.xml" --rom_model -o "Lab3.out" "./main.obj" "./speaker.obj" "./switch.obj" "./timer.obj"  -l"libc.a" 
<Linking>
warning #10247-D: creating output section ".text" without a SECTIONS specification
warning #10247-D: creating output section ".const" without a SECTIONS specification
warning #10247-D: creating output section ".bss" without a SECTIONS specification
warning #10247-D: creating output section ".cinit" without a SECTIONS specification
warning #10210-D: creating ".stack" section with default size of 0x800; use the -stack option to change the default size
Finished building target: Lab3.out
 

**** Build Finished ****

**** Build of configuration Debug for project Lab3 ****

/Applications/ti/ccsv6/utils/bin/gmake -k all 
Building file: ../main.c
Invoking: ARM Compiler
"/Applications/ti/ccsv6/tools/compiler/ti-cgt-arm_5.2.6/bin/armcl" -mv4 --code_state=32 --abi=ti_arm9_abi --include_path="/Applications/ti/ccsv6/tools/compiler/ti-cgt-arm_5.2.6/include" -g --display_error_number --diag_warning=225 --diag_wrap=off --preproc_with_compile --preproc_dependency="main.pp"  "../main.c"
"../main.c", line 21: warning #69-D: integer conversion resulted in a change of sign
"../main.c", line 41: warning #128-D: expected a statement
"../main.c", line 58: warning #128-D: expected a statement
"../main.c", line 91: warning #128-D: expected a statement
"../main.c", line 114: warning #128-D: expected a statement
Finished building: ../main.c
 
Building target: Lab3.out
Invoking: ARM Linker
"/Applications/ti/ccsv6/tools/compiler/ti-cgt-arm_5.2.6/bin/armcl" -mv4 --code_state=32 --abi=ti_arm9_abi -g --display_error_number --diag_warning=225 --diag_wrap=off -z -m"Lab3.map" -i"/Applications/ti/ccsv6/tools/compiler/ti-cgt-arm_5.2.6/lib" -i"/Applications/ti/ccsv6/tools/compiler/ti-cgt-arm_5.2.6/include" --reread_libs --warn_sections --display_error_number --diag_wrap=off --xml_link_info="Lab3_linkInfo.xml" --rom_model -o "Lab3.out" "./main.obj" "./speaker.obj" "./switch.obj" "./timer.obj"  -l"libc.a" 
<Linking>
warning #10247-D: creating output section ".text" without a SECTIONS specification
warning #10247-D: creating output section ".const" without a SECTIONS specification
warning #10247-D: creating output section ".bss" without a SECTIONS specification
warning #10247-D: creating output section ".cinit" without a SECTIONS specification
warning #10210-D: creating ".stack" section with default size of 0x800; use the -stack option to change the default size
Finished building target: Lab3.out
 

**** Build Finished ****

**** Build of configuration Debug for project Lab3 ****

/Applications/ti/ccsv6/utils/bin/gmake -k all 
Building file: ../main.c
Invoking: ARM Compiler
"/Applications/ti/ccsv6/tools/compiler/ti-cgt-arm_5.2.6/bin/armcl" -mv4 --code_state=32 --abi=ti_arm9_abi --include_path="/Applications/ti/ccsv6/tools/compiler/ti-cgt-arm_5.2.6/include" -g --display_error_number --diag_warning=225 --diag_wrap=off --preproc_with_compile --preproc_dependency="main.pp"  "../main.c"
"../main.c", line 21: warning #69-D: integer conversion resulted in a change of sign
"../main.c", line 41: warning #128-D: expected a statement
"../main.c", line 58: warning #128-D: expected a statement
"../main.c", line 91: warning #128-D: expected a statement
"../main.c", line 116: warning #128-D: expected a statement
Finished building: ../main.c
 
Building target: Lab3.out
Invoking: ARM Linker
"/Applications/ti/ccsv6/tools/compiler/ti-cgt-arm_5.2.6/bin/armcl" -mv4 --code_state=32 --abi=ti_arm9_abi -g --display_error_number --diag_warning=225 --diag_wrap=off -z -m"Lab3.map" -i"/Applications/ti/ccsv6/tools/compiler/ti-cgt-arm_5.2.6/lib" -i"/Applications/ti/ccsv6/tools/compiler/ti-cgt-arm_5.2.6/include" --reread_libs --warn_sections --display_error_number --diag_wrap=off --xml_link_info="Lab3_linkInfo.xml" --rom_model -o "Lab3.out" "./main.obj" "./speaker.obj" "./switch.obj" "./timer.obj"  -l"libc.a" 
<Linking>
warning #10247-D: creating output section ".text" without a SECTIONS specification
warning #10247-D: creating output section ".const" without a SECTIONS specification
warning #10247-D: creating output section ".bss" without a SECTIONS specification
warning #10247-D: creating output section ".cinit" without a SECTIONS specification
warning #10210-D: creating ".stack" section with default size of 0x800; use the -stack option to change the default size
Finished building target: Lab3.out
 

**** Build Finished ****

**** Build of configuration Debug for project Lab1 ****

/Applications/ti/ccsv6/utils/bin/gmake -k all 
gmake: Nothing to be done for 'all'.

**** Build Finished ****

**** Build of configuration Debug for project Lab2 ****

/Applications/ti/ccsv6/utils/bin/gmake -k all 
gmake: Nothing to be done for 'all'.

**** Build Finished ****

**** Build of configuration Debug for project Lab3 ****

/Applications/ti/ccsv6/utils/bin/gmake -k all 
gmake: Nothing to be done for 'all'.

**** Build Finished ****

**** Build of configuration Debug for project Lab3 ****

/Applications/ti/ccsv6/utils/bin/gmake -k all 
Building file: ../main.c
Invoking: ARM Compiler
"/Applications/ti/ccsv6/tools/compiler/ti-cgt-arm_5.2.6/bin/armcl" -mv4 --code_state=32 --abi=ti_arm9_abi --include_path="/Applications/ti/ccsv6/tools/compiler/ti-cgt-arm_5.2.6/include" -g --display_error_number --diag_warning=225 --diag_wrap=off --preproc_with_compile --preproc_dependency="main.pp"  "../main.c"
"../main.c", line 18: warning #69-D: integer conversion resulted in a change of sign
"../main.c", line 38: warning #128-D: expected a statement
"../main.c", line 55: warning #128-D: expected a statement
"../main.c", line 88: warning #128-D: expected a statement
"../main.c", line 113: warning #128-D: expected a statement
Finished building: ../main.c
 
Building target: Lab3.out
Invoking: ARM Linker
"/Applications/ti/ccsv6/tools/compiler/ti-cgt-arm_5.2.6/bin/armcl" -mv4 --code_state=32 --abi=ti_arm9_abi -g --display_error_number --diag_warning=225 --diag_wrap=off -z -m"Lab3.map" -i"/Applications/ti/ccsv6/tools/compiler/ti-cgt-arm_5.2.6/lib" -i"/Applications/ti/ccsv6/tools/compiler/ti-cgt-arm_5.2.6/include" --reread_libs --warn_sections --display_error_number --diag_wrap=off --xml_link_info="Lab3_linkInfo.xml" --rom_model -o "Lab3.out" "./main.obj" "./speaker.obj" "./switch.obj" "./timer.obj"  -l"libc.a" 
<Linking>
warning #10247-D: creating output section ".text" without a SECTIONS specification
warning #10247-D: creating output section ".const" without a SECTIONS specification
warning #10247-D: creating output section ".bss" without a SECTIONS specification
warning #10247-D: creating output section ".cinit" without a SECTIONS specification
warning #10210-D: creating ".stack" section with default size of 0x800; use the -stack option to change the default size
Finished building target: Lab3.out
 

**** Build Finished ****

**** Build of configuration Debug for project Lab2 ****

/Applications/ti/ccsv6/utils/bin/gmake -k all 
Building file: ../src/ADCTestMain.c
Invoking: ARM Compiler
"/Applications/ti/ccsv6/tools/compiler/ti-cgt-arm_5.2.6/bin/armcl" -mv7M4 --code_state=16 --float_support=FPv4SPD16 --abi=eabi -me --include_path="/Applications/ti/ccsv6/tools/compiler/ti-cgt-arm_5.2.6/include" -g --c99 --gcc --define=ccs="ccs" --define=PART_TM4C123GH6PM --display_error_number --diag_warning=225 --diag_wrap=off --preproc_with_compile --preproc_dependency="src/ADCTestMain.pp" --obj_directory="src"  "../src/ADCTestMain.c"
Finished building: ../src/ADCTestMain.c
 
Building target: Lab2.out
Invoking: ARM Linker
"/Applications/ti/ccsv6/tools/compiler/ti-cgt-arm_5.2.6/bin/armcl" -mv7M4 --code_state=16 --float_support=FPv4SPD16 --abi=eabi -me -g --c99 --gcc --define=ccs="ccs" --define=PART_TM4C123GH6PM --display_error_number --diag_warning=225 --diag_wrap=off -z -m"Lab2.map" --heap_size=0 --stack_size=512 -i"/Applications/ti/ccsv6/tools/compiler/ti-cgt-arm_5.2.6/lib" -i"/Applications/ti/ccsv6/tools/compiler/ti-cgt-arm_5.2.6/include" --reread_libs --warn_sections --display_error_number --diag_wrap=off --xml_link_info="Lab2_linkInfo.xml" --rom_model -o "Lab2.out" "./tm4c123gh6pm_startup_ccs.obj" "./src/ADCSWTrigger.obj" "./src/ADCTestMain.obj" "./src/PLL.obj" "../tm4c123gh6pm.cmd"  -l"libc.a" 
<Linking>
Finished building target: Lab2.out
 

**** Build Finished ****

**** Build of configuration Debug for project Lab3 ****

/Applications/ti/ccsv6/utils/bin/gmake -k all 
Building file: ../main.c
Invoking: ARM Compiler
"/Applications/ti/ccsv6/tools/compiler/ti-cgt-arm_5.2.6/bin/armcl" -mv4 --code_state=32 --abi=ti_arm9_abi --include_path="/Applications/ti/ccsv6/tools/compiler/ti-cgt-arm_5.2.6/include" -g --display_error_number --diag_warning=225 --diag_wrap=off --preproc_with_compile --preproc_dependency="main.pp"  "../main.c"
"../main.c", line 1: error #171: expected a declaration
"../main.c", line 1: error #10: "#" not expected here
"/Applications/ti/ccsv6/tools/compiler/ti-cgt-arm_5.2.6/include/stdarg.h", line 57: warning #12-D: parsing restarts here after previous syntax error
"/Applications/ti/ccsv6/tools/compiler/ti-cgt-arm_5.2.6/include/stdio.h", line 256: error #20: identifier "va_list" is undefined
"/Applications/ti/ccsv6/tools/compiler/ti-cgt-arm_5.2.6/include/stdio.h", line 258: error #20: identifier "va_list" is undefined
"/Applications/ti/ccsv6/tools/compiler/ti-cgt-arm_5.2.6/include/stdio.h", line 260: error #20: identifier "va_list" is undefined
"/Applications/ti/ccsv6/tools/compiler/ti-cgt-arm_5.2.6/include/stdio.h", line 262: error #20: identifier "va_list" is undefined
"/Applications/ti/ccsv6/tools/compiler/ti-cgt-arm_5.2.6/include/stdio.h", line 265: error #20: identifier "va_list" is undefined
"/Applications/ti/ccsv6/tools/compiler/ti-cgt-arm_5.2.6/include/stdio.h", line 268: error #20: identifier "va_list" is undefined
"/Applications/ti/ccsv6/tools/compiler/ti-cgt-arm_5.2.6/include/stdio.h", line 270: error #20: identifier "va_list" is undefined
"/Applications/ti/ccsv6/tools/compiler/ti-cgt-arm_5.2.6/include/yvals.h", line 502: error #20: identifier "va_list" is undefined
"../main.c", line 18: warning #69-D: integer conversion resulted in a change of sign

"../main.c", line 38: warning #128-D: expected a statement
>> Compilation failure
"../main.c", line 55: warning #128-D: expected a statement
"../main.c", line 88: warning #128-D: expected a statement
"../main.c", line 113: warning #128-D: expected a statement
10 errors detected in the compilation of "../main.c".
subdir_rules.mk:7: recipe for target 'main.obj' failed
gmake: *** [main.obj] Error 1
gmake: Target 'all' not remade because of errors.

**** Build Finished ****

**** Build of configuration Debug for project Lab3 ****

/Applications/ti/ccsv6/utils/bin/gmake -k all 
Building file: ../main.c
Invoking: ARM Compiler
"/Applications/ti/ccsv6/tools/compiler/ti-cgt-arm_5.2.6/bin/armcl" -mv4 --code_state=32 --abi=ti_arm9_abi --include_path="/Applications/ti/ccsv6/tools/compiler/ti-cgt-arm_5.2.6/include" -g --display_error_number --diag_warning=225 --diag_wrap=off --preproc_with_compile --preproc_dependency="main.pp"  "../main.c"
"../main.c", line 18: warning #69-D: integer conversion resulted in a change of sign
"../main.c", line 38: warning #128-D: expected a statement
"../main.c", line 55: warning #128-D: expected a statement
"../main.c", line 88: warning #128-D: expected a statement
"../main.c", line 113: warning #128-D: expected a statement
Finished building: ../main.c
 
Building target: Lab3.out
Invoking: ARM Linker
"/Applications/ti/ccsv6/tools/compiler/ti-cgt-arm_5.2.6/bin/armcl" -mv4 --code_state=32 --abi=ti_arm9_abi -g --display_error_number --diag_warning=225 --diag_wrap=off -z -m"Lab3.map" -i"/Applications/ti/ccsv6/tools/compiler/ti-cgt-arm_5.2.6/lib" -i"/Applications/ti/ccsv6/tools/compiler/ti-cgt-arm_5.2.6/include" --reread_libs --warn_sections --display_error_number --diag_wrap=off --xml_link_info="Lab3_linkInfo.xml" --rom_model -o "Lab3.out" "./main.obj" "./speaker.obj" "./switch.obj" "./timer.obj"  -l"libc.a" 
<Linking>
warning #10247-D: creating output section ".text" without a SECTIONS specification
warning #10247-D: creating output section ".const" without a SECTIONS specification
warning #10247-D: creating output section ".bss" without a SECTIONS specification
warning #10247-D: creating output section ".cinit" without a SECTIONS specification
warning #10210-D: creating ".stack" section with default size of 0x800; use the -stack option to change the default size
Finished building target: Lab3.out
 

**** Build Finished ****

**** Build of configuration Debug for project Lab1 ****

/Applications/ti/ccsv6/utils/bin/gmake -k all 
gmake: Nothing to be done for 'all'.

**** Build Finished ****

**** Build of configuration Debug for project Lab2 ****

/Applications/ti/ccsv6/utils/bin/gmake -k all 
gmake: Nothing to be done for 'all'.

**** Build Finished ****
